e:\qtdemo\qtstudy\focusonstudy\focusonstudy\debug\focusonstudy.obj
e:\qtdemo\qtstudy\focusonstudy\focusonstudy\debug\moc_studylogin.obj
e:\qtdemo\qtstudy\focusonstudy\focusonstudy\debug\studylogin.obj
e:\qtdemo\qtstudy\focusonstudy\focusonstudy\debug\qrc_focusonstudy.obj
e:\qtdemo\qtstudy\focusonstudy\focusonstudy\debug\main.obj
e:\qtdemo\qtstudy\focusonstudy\focusonstudy\debug\moc_focusonstudy.obj
e:\qtdemo\qtstudy\focusonstudy\focusonstudy\debug\vc140.pdb
e:\qtdemo\qtstudy\focusonstudy\focusonstudy\debug\database.obj
e:\qtdemo\qtstudy\focusonstudy\focusonstudy\generatedfiles\debug\moc_focusonstudy.cpp
e:\qtdemo\qtstudy\focusonstudy\focusonstudy\generatedfiles\debug\moc_studylogin.cpp
e:\qtdemo\qtstudy\focusonstudy\focusonstudy\generatedfiles\qrc_focusonstudy.cpp
e:\qtdemo\qtstudy\focusonstudy\focusonstudy\generatedfiles\ui_focusonstudy.h
e:\qtdemo\qtstudy\focusonstudy\focusonstudy\generatedfiles\ui_studylogin.h
e:\qtdemo\qtstudy\focusonstudy\win32\debug\focusonstudy.ilk
e:\qtdemo\qtstudy\focusonstudy\win32\debug\focusonstudy.exe
e:\qtdemo\qtstudy\focusonstudy\win32\debug\focusonstudy.pdb
e:\qtdemo\qtstudy\focusonstudy\focusonstudy\.\generatedfiles\debug\moc_focusonstudy.cpp
e:\qtdemo\qtstudy\focusonstudy\focusonstudy\.\generatedfiles\debug\moc_studylogin.cpp
e:\qtdemo\qtstudy\focusonstudy\focusonstudy\.\generatedfiles\qrc_focusonstudy.cpp
e:\qtdemo\qtstudy\focusonstudy\focusonstudy\.\generatedfiles\ui_focusonstudy.h
e:\qtdemo\qtstudy\focusonstudy\focusonstudy\.\generatedfiles\ui_studylogin.h
e:\qtdemo\qtstudy\focusonstudy\focusonstudy\debug\focusonstudy.tlog\cl.command.1.tlog
e:\qtdemo\qtstudy\focusonstudy\focusonstudy\debug\focusonstudy.tlog\cl.read.1.tlog
e:\qtdemo\qtstudy\focusonstudy\focusonstudy\debug\focusonstudy.tlog\cl.write.1.tlog
e:\qtdemo\qtstudy\focusonstudy\focusonstudy\debug\focusonstudy.tlog\focusonstudy.write.1u.tlog
e:\qtdemo\qtstudy\focusonstudy\focusonstudy\debug\focusonstudy.tlog\link.command.1.tlog
e:\qtdemo\qtstudy\focusonstudy\focusonstudy\debug\focusonstudy.tlog\link.read.1.tlog
e:\qtdemo\qtstudy\focusonstudy\focusonstudy\debug\focusonstudy.tlog\link.write.1.tlog
e:\qtdemo\qtstudy\focusonstudy\focusonstudy\debug\focusonstudy.tlog\qtmoc.read.1u.tlog
e:\qtdemo\qtstudy\focusonstudy\focusonstudy\debug\focusonstudy.tlog\qtmoc.write.1u.tlog
e:\qtdemo\qtstudy\focusonstudy\focusonstudy\debug\focusonstudy.tlog\qtrcc.read.1u.tlog
e:\qtdemo\qtstudy\focusonstudy\focusonstudy\debug\focusonstudy.tlog\qtrcc.write.1u.tlog
e:\qtdemo\qtstudy\focusonstudy\focusonstudy\debug\focusonstudy.tlog\qtuic.read.1u.tlog
e:\qtdemo\qtstudy\focusonstudy\focusonstudy\debug\focusonstudy.tlog\qtuic.write.1u.tlog
